<?xml version="1.0" encoding="UTF-8"?>
<!-- Generated by org.testng.reporters.JUnitReportReporter -->
<testsuite hostname="LAPTOP-3AI9QJI2" failures="0" tests="3" name="com.MavenDemo.DemoTest" time="0.026" errors="0" timestamp="18 Jul 2022 09:22:05 GMT">
  <testcase classname="com.MavenDemo.DemoTest" name="createDemo2Test" time="0.006"/>
  <testcase classname="com.MavenDemo.DemoTest" name="createDemo1Test" time="0.016"/>
  <testcase classname="com.MavenDemo.DemoTest" name="createDemo3Test" time="0.004"/>
</testsuite> <!-- com.MavenDemo.DemoTest -->
