<?xml version="1.0" encoding="UTF-8"?>
<!-- Generated by org.testng.reporters.JUnitReportReporter -->
<testsuite hostname="LAPTOP-3AI9QJI2" failures="0" tests="1" name="com.MavenDemo.Demo3Test" time="0.003" errors="0" timestamp="19 Jul 2022 09:40:54 GMT">
  <testcase classname="com.MavenDemo.Demo3Test" name="demoNew" time="0.003"/>
</testsuite> <!-- com.MavenDemo.Demo3Test -->
