<?xml version="1.0" encoding="UTF-8"?>
<!-- Generated by org.testng.reporters.JUnitReportReporter -->
<testsuite hostname="LAPTOP-3AI9QJI2" failures="0" tests="3" name="com.MavenDemo.DemoTest" time="0.021" errors="0" timestamp="20 Jul 2022 10:20:37 GMT">
  <testcase classname="com.MavenDemo.DemoTest" name="createDemo2" time="0.006"/>
  <testcase classname="com.MavenDemo.DemoTest" name="createDemo3" time="0.002"/>
  <testcase classname="com.MavenDemo.DemoTest" name="createDemo1" time="0.013"/>
</testsuite> <!-- com.MavenDemo.DemoTest -->
