<?xml version="1.0" encoding="UTF-8"?>
<!-- Generated by org.testng.reporters.JUnitReportReporter -->
<testsuite hostname="LAPTOP-3AI9QJI2" failures="0" tests="3" name="com.MavenDemo.Demo2Test" time="0.004" errors="0" timestamp="20 Jul 2022 10:20:37 GMT">
  <testcase classname="com.MavenDemo.Demo2Test" name="createDemo5" time="0.001"/>
  <testcase classname="com.MavenDemo.Demo2Test" name="createDemo4" time="0.001"/>
  <testcase classname="com.MavenDemo.Demo2Test" name="createDemo6" time="0.002"/>
</testsuite> <!-- com.MavenDemo.Demo2Test -->
