<?xml version="1.0" encoding="UTF-8"?>
<!-- Generated by org.testng.reporters.JUnitReportReporter -->
<testsuite hostname="LAPTOP-3AI9QJI2" name="com.MavenDemo.DemoTest" tests="3" failures="0" timestamp="19 Jul 2022 05:29:06 GMT" time="0.013" errors="0">
  <testcase name="createDemo1" time="0.010" classname="com.MavenDemo.DemoTest"/>
  <testcase name="createDemo3" time="0.001" classname="com.MavenDemo.DemoTest"/>
  <testcase name="createDemo2" time="0.002" classname="com.MavenDemo.DemoTest"/>
</testsuite> <!-- com.MavenDemo.DemoTest -->
