<?xml version="1.0" encoding="UTF-8"?>
<!-- Generated by org.testng.reporters.JUnitReportReporter -->
<testsuite hostname="LAPTOP-3AI9QJI2" name="com.MavenDemo.Demo2Test" tests="3" failures="0" timestamp="19 Jul 2022 05:29:06 GMT" time="0.005" errors="0">
  <testcase name="createDemo5" time="0.001" classname="com.MavenDemo.Demo2Test"/>
  <testcase name="createDemo6" time="0.003" classname="com.MavenDemo.Demo2Test"/>
  <testcase name="createDemo4" time="0.001" classname="com.MavenDemo.Demo2Test"/>
</testsuite> <!-- com.MavenDemo.Demo2Test -->
