<?xml version="1.0" encoding="UTF-8"?>
<!-- Generated by org.testng.reporters.JUnitReportReporter -->
<testsuite hostname="LAPTOP-3AI9QJI2" name="com.MavenDemo.Demo3Test" tests="1" failures="0" timestamp="19 Jul 2022 05:29:06 GMT" time="0.001" errors="0">
  <testcase name="demoNew" time="0.001" classname="com.MavenDemo.Demo3Test"/>
</testsuite> <!-- com.MavenDemo.Demo3Test -->
