<?xml version="1.0" encoding="UTF-8"?>
<!-- Generated by org.testng.reporters.JUnitReportReporter -->
<testsuite hostname="LAPTOP-3AI9QJI2" failures="0" tests="3" name="com.MavenDemo.DemoTest" time="0.017" errors="0" timestamp="19 Jul 2022 09:40:54 GMT">
  <testcase classname="com.MavenDemo.DemoTest" name="createDemo2" time="0.002"/>
  <testcase classname="com.MavenDemo.DemoTest" name="createDemo3" time="0.001"/>
  <testcase classname="com.MavenDemo.DemoTest" name="createDemo1" time="0.014"/>
</testsuite> <!-- com.MavenDemo.DemoTest -->
